<?xml version="1.0" encoding="UTF-8"?>
<Configuration status="DEBUG">
    <Loggers>
        <Root level="trace">
            <AppenderRef ref="MainRollingFile"/>
        </Root>
    </Loggers>
</Configuration>
